Arguments: 
  C:\Program Files\nodejs\node.exe C:\Users\Administrator\AppData\Roaming\npm\node_modules\yarn\bin\yarn.js add @babel/traverse

PATH: 
  C:\Windows\system32;C:\Windows;C:\Windows\System32\Wbem;C:\Windows\System32\WindowsPowerShell\v1.0\;E:\soft\Git\cmd;E:\soft\bin;C:\ProgramData\chocolatey\bin;E:\soft\PHPTutorial\MySQL\bin;C:\Program Files\nodejs\;E:\soft-download\java\jdk1.8.0_141\bin;C:\Program Files\EsafeNet\Cobra DocGuard Client;E:\soft-download\Microsoft VS Code\bin;E:\soft\phantomjs-2.1.1-windows\bin;E:\soft\IntelliJ IDEA 2019.2.2\bin;;C:\Users\Administrator\AppData\Roaming\npm

Yarn version: 
  1.13.0

Node version: 
  12.14.0

Platform: 
  win32 x64

Trace: 
  Error: ENOENT: no such file or directory, copyfile 'C:\Users\Administrator\AppData\Local\Yarn\Cache\v4\npm-inherits-2.0.1-b17d08d326b4423e568eff719f91b0b1cbdf69f1\node_modules\inherits\LICENSE' -> 'E:\github\webpack\node_modules\assert\node_modules\inherits\LICENSE'

npm manifest: 
  {
    "name": "webpack",
    "version": "1.0.0",
    "description": "",
    "main": "index.js",
    "scripts": {
      "test": "echo \"Error: no test specified\" && exit 1"
    },
    "repository": {
      "type": "git",
      "url": "git+https://github.com/ysxhd/webpack.git"
    },
    "author": "",
    "license": "ISC",
    "bugs": {
      "url": "https://github.com/ysxhd/webpack/issues"
    },
    "homepage": "https://github.com/ysxhd/webpack#readme",
    "devDependencies": {
      "@babel/core": "^7.11.1",
      "@babel/polyfill": "^7.10.4",
      "@babel/preset-env": "^7.11.0",
      "add-asset-html-webpack-plugin": "^3.1.3",
      "babel-loader": "^8.1.0",
      "core-js": "^3.6.5",
      "css-loader": "^4.2.1",
      "eslint": "^7.7.0",
      "eslint-config-airbnb-base": "^14.2.0",
      "eslint-loader": "^4.0.2",
      "eslint-plugin-import": "^2.22.0",
      "file-loader": "^6.0.0",
      "html-loader": "^1.1.0",
      "html-webpack-plugin": "^4.3.0",
      "less": "^3.12.2",
      "less-loader": "^6.2.0",
      "mini-css-extract-plugin": "^0.10.0",
      "optimize-css-assets-webpack-plugin": "^5.0.3",
      "postcss-loader": "^3.0.0",
      "postcss-preset-env": "^6.7.0",
      "style-loader": "^1.2.1",
      "thread-loader": "^2.1.3",
      "typescript": "^3.9.7",
      "url-loader": "^4.1.0",
      "webpack": "^4.44.1",
      "webpack-cli": "^3.3.12",
      "webpack-dev-server": "^3.11.0",
      "workbox-webpack-plugin": "^5.1.3"
    },
    "browerslist": {
      "development": [
        ">0.1%",
        "not ie <= 9",
        "not op_mini all"
      ],
      "production": [
        ">0.1%",
        "not op_mini all"
      ]
    },
    "eslintConfig": {
      "extends": "airbnb-base",
      "env": {
        "browser": true
      }
    },
    "dependencies": {
      "core-js": "^3.6.5",
      "jquery": "^3.5.1"
    },
    "sideEffects": [
      "*.css"
    ]
  }

yarn manifest: 
  No manifest

Lockfile: 
  No lockfile
